{"C:\\Users\\Darsana.M\\Documents\\Aug26Mockathon\\bank\\src\\App.js": {"path":"C:\\Users\\Darsana.M\\Documents\\Aug26Mockathon\\bank\\src\\App.js","statementMap":{"0":{"start":{"line":11,"column":4},"end":{"line":11,"column":17}},"1":{"start":{"line":14,"column":4},"end":{"line":17,"column":5}},"2":{"start":{"line":19,"column":13},"end":{"line":21,"column":3}},"3":{"start":{"line":20,"column":4},"end":{"line":20,"column":23}},"4":{"start":{"line":23,"column":17},"end":{"line":25,"column":3}},"5":{"start":{"line":24,"column":4},"end":{"line":24,"column":34}},"6":{"start":{"line":26,"column":16},"end":{"line":29,"column":3}},"7":{"start":{"line":27,"column":4},"end":{"line":27,"column":28}},"8":{"start":{"line":28,"column":4},"end":{"line":28,"column":22}},"9":{"start":{"line":32,"column":4},"end":{"line":43,"column":6}},"10":{"start":{"line":37,"column":49},"end":{"line":37,"column":91}},"11":{"start":{"line":38,"column":50},"end":{"line":38,"column":116}}},"fnMap":{"0":{"name":"(anonymous_0)","decl":{"start":{"line":10,"column":2},"end":{"line":10,"column":3}},"loc":{"start":{"line":10,"column":21},"end":{"line":18,"column":3}},"line":10},"1":{"name":"(anonymous_1)","decl":{"start":{"line":19,"column":13},"end":{"line":19,"column":14}},"loc":{"start":{"line":19,"column":32},"end":{"line":21,"column":3}},"line":19},"2":{"name":"(anonymous_2)","decl":{"start":{"line":23,"column":17},"end":{"line":23,"column":18}},"loc":{"start":{"line":23,"column":33},"end":{"line":25,"column":3}},"line":23},"3":{"name":"(anonymous_3)","decl":{"start":{"line":26,"column":16},"end":{"line":26,"column":17}},"loc":{"start":{"line":26,"column":33},"end":{"line":29,"column":3}},"line":26},"4":{"name":"(anonymous_4)","decl":{"start":{"line":31,"column":2},"end":{"line":31,"column":3}},"loc":{"start":{"line":31,"column":11},"end":{"line":44,"column":3}},"line":31},"5":{"name":"(anonymous_5)","decl":{"start":{"line":37,"column":45},"end":{"line":37,"column":46}},"loc":{"start":{"line":37,"column":49},"end":{"line":37,"column":91}},"line":37},"6":{"name":"(anonymous_6)","decl":{"start":{"line":38,"column":46},"end":{"line":38,"column":47}},"loc":{"start":{"line":38,"column":50},"end":{"line":38,"column":116}},"line":38}},"branchMap":{},"s":{"0":1,"1":1,"2":1,"3":0,"4":1,"5":0,"6":1,"7":0,"8":0,"9":1,"10":0,"11":1},"f":{"0":1,"1":0,"2":0,"3":0,"4":1,"5":0,"6":1},"b":{},"_coverageSchema":"43e27e138ebf9cfc5966b082cf9a028302ed4184","hash":"ab73474d04c6dfd60ac3a4bdb3acec90d6a2fea5"}
,"C:\\Users\\Darsana.M\\Documents\\Aug26Mockathon\\bank\\src\\index.js": {"path":"C:\\Users\\Darsana.M\\Documents\\Aug26Mockathon\\bank\\src\\index.js","statementMap":{"0":{"start":{"line":8,"column":0},"end":{"line":8,"column":58}},"1":{"start":{"line":13,"column":0},"end":{"line":13,"column":27}}},"fnMap":{},"branchMap":{},"s":{"0":0,"1":0},"f":{},"b":{},"hash":"4585c1f9b023bb3e5679148a8bc616a07aa28635"}
,"C:\\Users\\Darsana.M\\Documents\\Aug26Mockathon\\bank\\src\\Components\\Header\\Header.js": {"path":"C:\\Users\\Darsana.M\\Documents\\Aug26Mockathon\\bank\\src\\Components\\Header\\Header.js","statementMap":{"0":{"start":{"line":9,"column":19},"end":{"line":13,"column":5}},"1":{"start":{"line":10,"column":8},"end":{"line":10,"column":40}},"2":{"start":{"line":11,"column":25},"end":{"line":11,"column":35}},"3":{"start":{"line":12,"column":8},"end":{"line":12,"column":48}},"4":{"start":{"line":15,"column":8},"end":{"line":15,"column":31}},"5":{"start":{"line":16,"column":20},"end":{"line":16,"column":30}},"6":{"start":{"line":17,"column":8},"end":{"line":37,"column":9}},"7":{"start":{"line":24,"column":73},"end":{"line":24,"column":123}},"8":{"start":{"line":25,"column":72},"end":{"line":25,"column":121}}},"fnMap":{"0":{"name":"(anonymous_0)","decl":{"start":{"line":9,"column":19},"end":{"line":9,"column":20}},"loc":{"start":{"line":9,"column":30},"end":{"line":13,"column":5}},"line":9},"1":{"name":"(anonymous_1)","decl":{"start":{"line":14,"column":4},"end":{"line":14,"column":5}},"loc":{"start":{"line":14,"column":13},"end":{"line":38,"column":5}},"line":14},"2":{"name":"(anonymous_2)","decl":{"start":{"line":24,"column":67},"end":{"line":24,"column":68}},"loc":{"start":{"line":24,"column":73},"end":{"line":24,"column":123}},"line":24},"3":{"name":"(anonymous_3)","decl":{"start":{"line":25,"column":66},"end":{"line":25,"column":67}},"loc":{"start":{"line":25,"column":72},"end":{"line":25,"column":121}},"line":25}},"branchMap":{"0":{"loc":{"start":{"line":23,"column":24},"end":{"line":25,"column":181}},"type":"cond-expr","locations":[{"start":{"line":24,"column":28},"end":{"line":24,"column":185}},{"start":{"line":25,"column":28},"end":{"line":25,"column":181}}],"line":23}},"s":{"0":1,"1":0,"2":0,"3":0,"4":1,"5":1,"6":1,"7":0,"8":0},"f":{"0":0,"1":1,"2":0,"3":0},"b":{"0":[0,1]},"_coverageSchema":"43e27e138ebf9cfc5966b082cf9a028302ed4184","hash":"3377791efca0de226c51ba2cd2c55a740130159e"}
,"C:\\Users\\Darsana.M\\Documents\\Aug26Mockathon\\bank\\src\\Components\\Home\\Home.js": {"path":"C:\\Users\\Darsana.M\\Documents\\Aug26Mockathon\\bank\\src\\Components\\Home\\Home.js","statementMap":{"0":{"start":{"line":11,"column":8},"end":{"line":36,"column":9}}},"fnMap":{"0":{"name":"(anonymous_0)","decl":{"start":{"line":10,"column":4},"end":{"line":10,"column":5}},"loc":{"start":{"line":10,"column":13},"end":{"line":37,"column":5}},"line":10}},"branchMap":{},"s":{"0":1},"f":{"0":1},"b":{},"_coverageSchema":"43e27e138ebf9cfc5966b082cf9a028302ed4184","hash":"15c1ebef93d5622fea98ceb455d1f9994cfa4c90"}
,"C:\\Users\\Darsana.M\\Documents\\Aug26Mockathon\\bank\\src\\Components\\ListStocks\\ListStocks.js": {"path":"C:\\Users\\Darsana.M\\Documents\\Aug26Mockathon\\bank\\src\\Components\\ListStocks\\ListStocks.js","statementMap":{"0":{"start":{"line":7,"column":8},"end":{"line":7,"column":20}},"1":{"start":{"line":8,"column":8},"end":{"line":10,"column":9}},"2":{"start":{"line":13,"column":8},"end":{"line":26,"column":14}},"3":{"start":{"line":15,"column":16},"end":{"line":15,"column":81}},"4":{"start":{"line":16,"column":16},"end":{"line":25,"column":17}},"5":{"start":{"line":17,"column":20},"end":{"line":17,"column":49}},"6":{"start":{"line":18,"column":20},"end":{"line":22,"column":23}},"7":{"start":{"line":21,"column":24},"end":{"line":21,"column":90}},"8":{"start":{"line":29,"column":8},"end":{"line":57,"column":9}},"9":{"start":{"line":44,"column":40},"end":{"line":49,"column":45}}},"fnMap":{"0":{"name":"(anonymous_0)","decl":{"start":{"line":6,"column":4},"end":{"line":6,"column":5}},"loc":{"start":{"line":6,"column":22},"end":{"line":11,"column":5}},"line":6},"1":{"name":"(anonymous_1)","decl":{"start":{"line":12,"column":4},"end":{"line":12,"column":5}},"loc":{"start":{"line":12,"column":24},"end":{"line":27,"column":5}},"line":12},"2":{"name":"(anonymous_2)","decl":{"start":{"line":14,"column":18},"end":{"line":14,"column":19}},"loc":{"start":{"line":14,"column":25},"end":{"line":26,"column":13}},"line":14},"3":{"name":"(anonymous_3)","decl":{"start":{"line":20,"column":22},"end":{"line":20,"column":23}},"loc":{"start":{"line":20,"column":26},"end":{"line":22,"column":21}},"line":20},"4":{"name":"(anonymous_4)","decl":{"start":{"line":28,"column":4},"end":{"line":28,"column":5}},"loc":{"start":{"line":28,"column":13},"end":{"line":58,"column":5}},"line":28},"5":{"name":"(anonymous_5)","decl":{"start":{"line":43,"column":65},"end":{"line":43,"column":66}},"loc":{"start":{"line":44,"column":40},"end":{"line":49,"column":45}},"line":44}},"branchMap":{"0":{"loc":{"start":{"line":16,"column":16},"end":{"line":25,"column":17}},"type":"if","locations":[{"start":{"line":16,"column":16},"end":{"line":25,"column":17}},{"start":{"line":16,"column":16},"end":{"line":25,"column":17}}],"line":16},"1":{"loc":{"start":{"line":16,"column":20},"end":{"line":16,"column":69}},"type":"binary-expr","locations":[{"start":{"line":16,"column":20},"end":{"line":16,"column":38}},{"start":{"line":16,"column":42},"end":{"line":16,"column":69}}],"line":16}},"s":{"0":1,"1":1,"2":1,"3":0,"4":0,"5":0,"6":0,"7":0,"8":1,"9":0},"f":{"0":1,"1":1,"2":0,"3":0,"4":1,"5":0},"b":{"0":[0,0],"1":[0,0]},"_coverageSchema":"43e27e138ebf9cfc5966b082cf9a028302ed4184","hash":"87bc5f228e4e9d2319f28cb33e780084f3348415"}
,"C:\\Users\\Darsana.M\\Documents\\Aug26Mockathon\\bank\\src\\Components\\Login\\Login.js": {"path":"C:\\Users\\Darsana.M\\Documents\\Aug26Mockathon\\bank\\src\\Components\\Login\\Login.js","statementMap":{"0":{"start":{"line":11,"column":8},"end":{"line":11,"column":21}},"1":{"start":{"line":12,"column":8},"end":{"line":18,"column":9}},"2":{"start":{"line":19,"column":8},"end":{"line":19,"column":57}},"3":{"start":{"line":20,"column":8},"end":{"line":20,"column":56}},"4":{"start":{"line":23,"column":8},"end":{"line":25,"column":11}},"5":{"start":{"line":24,"column":12},"end":{"line":24,"column":59}},"6":{"start":{"line":30,"column":8},"end":{"line":30,"column":26}},"7":{"start":{"line":31,"column":8},"end":{"line":54,"column":11}},"8":{"start":{"line":32,"column":12},"end":{"line":32,"column":35}},"9":{"start":{"line":33,"column":12},"end":{"line":53,"column":13}},"10":{"start":{"line":34,"column":46},"end":{"line":34,"column":56}},"11":{"start":{"line":35,"column":29},"end":{"line":38,"column":17}},"12":{"start":{"line":40,"column":16},"end":{"line":52,"column":18}},"13":{"start":{"line":41,"column":20},"end":{"line":51,"column":21}},"14":{"start":{"line":42,"column":24},"end":{"line":42,"column":54}},"15":{"start":{"line":43,"column":24},"end":{"line":43,"column":75}},"16":{"start":{"line":44,"column":24},"end":{"line":44,"column":79}},"17":{"start":{"line":65,"column":8},"end":{"line":72,"column":11}},"18":{"start":{"line":66,"column":12},"end":{"line":71,"column":18}},"19":{"start":{"line":68,"column":20},"end":{"line":68,"column":32}},"20":{"start":{"line":70,"column":20},"end":{"line":70,"column":31}},"21":{"start":{"line":76,"column":8},"end":{"line":76,"column":38}},"22":{"start":{"line":77,"column":22},"end":{"line":77,"column":26}},"23":{"start":{"line":78,"column":23},"end":{"line":81,"column":9}},"24":{"start":{"line":83,"column":8},"end":{"line":93,"column":9}},"25":{"start":{"line":84,"column":12},"end":{"line":89,"column":13}},"26":{"start":{"line":85,"column":16},"end":{"line":85,"column":31}},"27":{"start":{"line":87,"column":16},"end":{"line":87,"column":32}},"28":{"start":{"line":88,"column":16},"end":{"line":88,"column":82}},"29":{"start":{"line":91,"column":12},"end":{"line":91,"column":28}},"30":{"start":{"line":92,"column":12},"end":{"line":92,"column":71}},"31":{"start":{"line":94,"column":8},"end":{"line":98,"column":9}},"32":{"start":{"line":95,"column":12},"end":{"line":95,"column":28}},"33":{"start":{"line":96,"column":12},"end":{"line":96,"column":58}},"34":{"start":{"line":97,"column":12},"end":{"line":97,"column":62}},"35":{"start":{"line":100,"column":8},"end":{"line":103,"column":10}},"36":{"start":{"line":104,"column":8},"end":{"line":104,"column":55}},"37":{"start":{"line":105,"column":8},"end":{"line":105,"column":40}},"38":{"start":{"line":109,"column":20},"end":{"line":109,"column":30}},"39":{"start":{"line":110,"column":8},"end":{"line":146,"column":9}}},"fnMap":{"0":{"name":"(anonymous_0)","decl":{"start":{"line":10,"column":4},"end":{"line":10,"column":5}},"loc":{"start":{"line":10,"column":23},"end":{"line":21,"column":5}},"line":10},"1":{"name":"(anonymous_1)","decl":{"start":{"line":22,"column":4},"end":{"line":22,"column":5}},"loc":{"start":{"line":22,"column":20},"end":{"line":27,"column":5}},"line":22},"2":{"name":"(anonymous_2)","decl":{"start":{"line":23,"column":57},"end":{"line":23,"column":58}},"loc":{"start":{"line":23,"column":63},"end":{"line":25,"column":9}},"line":23},"3":{"name":"(anonymous_3)","decl":{"start":{"line":29,"column":4},"end":{"line":29,"column":5}},"loc":{"start":{"line":29,"column":20},"end":{"line":56,"column":5}},"line":29},"4":{"name":"(anonymous_4)","decl":{"start":{"line":31,"column":29},"end":{"line":31,"column":30}},"loc":{"start":{"line":31,"column":38},"end":{"line":54,"column":9}},"line":31},"5":{"name":"(anonymous_5)","decl":{"start":{"line":40,"column":40},"end":{"line":40,"column":41}},"loc":{"start":{"line":40,"column":54},"end":{"line":52,"column":17}},"line":40},"6":{"name":"(anonymous_6)","decl":{"start":{"line":57,"column":4},"end":{"line":57,"column":5}},"loc":{"start":{"line":57,"column":18},"end":{"line":74,"column":5}},"line":57},"7":{"name":"(anonymous_7)","decl":{"start":{"line":65,"column":27},"end":{"line":65,"column":28}},"loc":{"start":{"line":65,"column":48},"end":{"line":72,"column":9}},"line":65},"8":{"name":"(anonymous_8)","decl":{"start":{"line":67,"column":22},"end":{"line":67,"column":23}},"loc":{"start":{"line":67,"column":29},"end":{"line":69,"column":17}},"line":67},"9":{"name":"(anonymous_9)","decl":{"start":{"line":69,"column":25},"end":{"line":69,"column":26}},"loc":{"start":{"line":69,"column":32},"end":{"line":71,"column":17}},"line":69},"10":{"name":"(anonymous_10)","decl":{"start":{"line":75,"column":4},"end":{"line":75,"column":5}},"loc":{"start":{"line":75,"column":15},"end":{"line":107,"column":5}},"line":75},"11":{"name":"(anonymous_11)","decl":{"start":{"line":108,"column":4},"end":{"line":108,"column":5}},"loc":{"start":{"line":108,"column":13},"end":{"line":147,"column":5}},"line":108}},"branchMap":{"0":{"loc":{"start":{"line":33,"column":12},"end":{"line":53,"column":13}},"type":"if","locations":[{"start":{"line":33,"column":12},"end":{"line":53,"column":13}},{"start":{"line":33,"column":12},"end":{"line":53,"column":13}}],"line":33},"1":{"loc":{"start":{"line":41,"column":20},"end":{"line":51,"column":21}},"type":"if","locations":[{"start":{"line":41,"column":20},"end":{"line":51,"column":21}},{"start":{"line":41,"column":20},"end":{"line":51,"column":21}}],"line":41},"2":{"loc":{"start":{"line":41,"column":24},"end":{"line":41,"column":85}},"type":"binary-expr","locations":[{"start":{"line":41,"column":24},"end":{"line":41,"column":47}},{"start":{"line":41,"column":51},"end":{"line":41,"column":85}}],"line":41},"3":{"loc":{"start":{"line":83,"column":8},"end":{"line":93,"column":9}},"type":"if","locations":[{"start":{"line":83,"column":8},"end":{"line":93,"column":9}},{"start":{"line":83,"column":8},"end":{"line":93,"column":9}}],"line":83},"4":{"loc":{"start":{"line":84,"column":12},"end":{"line":89,"column":13}},"type":"if","locations":[{"start":{"line":84,"column":12},"end":{"line":89,"column":13}},{"start":{"line":84,"column":12},"end":{"line":89,"column":13}}],"line":84},"5":{"loc":{"start":{"line":94,"column":8},"end":{"line":98,"column":9}},"type":"if","locations":[{"start":{"line":94,"column":8},"end":{"line":98,"column":9}},{"start":{"line":94,"column":8},"end":{"line":98,"column":9}}],"line":94},"6":{"loc":{"start":{"line":94,"column":11},"end":{"line":94,"column":62}},"type":"binary-expr","locations":[{"start":{"line":94,"column":11},"end":{"line":94,"column":34}},{"start":{"line":94,"column":37},"end":{"line":94,"column":62}}],"line":94}},"s":{"0":4,"1":4,"2":4,"3":4,"4":0,"5":0,"6":1,"7":1,"8":1,"9":1,"10":0,"11":0,"12":0,"13":0,"14":0,"15":0,"16":0,"17":0,"18":0,"19":0,"20":0,"21":1,"22":1,"23":1,"24":1,"25":0,"26":0,"27":0,"28":0,"29":1,"30":1,"31":1,"32":1,"33":1,"34":1,"35":1,"36":1,"37":1,"38":6,"39":6},"f":{"0":4,"1":0,"2":0,"3":1,"4":1,"5":0,"6":0,"7":0,"8":0,"9":0,"10":1,"11":6},"b":{"0":[0,1],"1":[0,0],"2":[0,0],"3":[0,1],"4":[0,0],"5":[1,0],"6":[1,0]},"_coverageSchema":"43e27e138ebf9cfc5966b082cf9a028302ed4184","hash":"044a10c756e2a1fdc77e30405ee66628836bc763"}
,"C:\\Users\\Darsana.M\\Documents\\Aug26Mockathon\\bank\\src\\Components\\Logout\\Logout.js": {"path":"C:\\Users\\Darsana.M\\Documents\\Aug26Mockathon\\bank\\src\\Components\\Logout\\Logout.js","statementMap":{"0":{"start":{"line":5,"column":8},"end":{"line":5,"column":20}},"1":{"start":{"line":8,"column":8},"end":{"line":12,"column":9}}},"fnMap":{"0":{"name":"(anonymous_0)","decl":{"start":{"line":4,"column":4},"end":{"line":4,"column":5}},"loc":{"start":{"line":4,"column":22},"end":{"line":6,"column":5}},"line":4},"1":{"name":"(anonymous_1)","decl":{"start":{"line":7,"column":4},"end":{"line":7,"column":5}},"loc":{"start":{"line":7,"column":13},"end":{"line":13,"column":5}},"line":7}},"branchMap":{},"s":{"0":1,"1":1},"f":{"0":1,"1":1},"b":{},"_coverageSchema":"43e27e138ebf9cfc5966b082cf9a028302ed4184","hash":"047f26bf084fe1efe477deb00f1fee06ca085165"}
,"C:\\Users\\Darsana.M\\Documents\\Aug26Mockathon\\bank\\src\\Components\\Purchase\\Purchase.js": {"path":"C:\\Users\\Darsana.M\\Documents\\Aug26Mockathon\\bank\\src\\Components\\Purchase\\Purchase.js","statementMap":{"0":{"start":{"line":9,"column":8},"end":{"line":9,"column":21}},"1":{"start":{"line":10,"column":8},"end":{"line":36,"column":9}},"2":{"start":{"line":37,"column":8},"end":{"line":37,"column":57}},"3":{"start":{"line":38,"column":8},"end":{"line":38,"column":56}},"4":{"start":{"line":39,"column":8},"end":{"line":39,"column":57}},"5":{"start":{"line":40,"column":8},"end":{"line":40,"column":59}},"6":{"start":{"line":41,"column":8},"end":{"line":41,"column":59}},"7":{"start":{"line":42,"column":8},"end":{"line":42,"column":55}},"8":{"start":{"line":43,"column":8},"end":{"line":43,"column":67}},"9":{"start":{"line":47,"column":8},"end":{"line":49,"column":11}},"10":{"start":{"line":53,"column":8},"end":{"line":66,"column":14}},"11":{"start":{"line":55,"column":16},"end":{"line":55,"column":81}},"12":{"start":{"line":56,"column":16},"end":{"line":65,"column":17}},"13":{"start":{"line":57,"column":20},"end":{"line":57,"column":49}},"14":{"start":{"line":58,"column":20},"end":{"line":62,"column":23}},"15":{"start":{"line":61,"column":24},"end":{"line":61,"column":90}},"16":{"start":{"line":69,"column":8},"end":{"line":69,"column":26}},"17":{"start":{"line":70,"column":18},"end":{"line":73,"column":9}},"18":{"start":{"line":74,"column":8},"end":{"line":90,"column":18}},"19":{"start":{"line":76,"column":20},"end":{"line":76,"column":65}},"20":{"start":{"line":77,"column":20},"end":{"line":87,"column":21}},"21":{"start":{"line":78,"column":24},"end":{"line":78,"column":53}},"22":{"start":{"line":79,"column":24},"end":{"line":84,"column":27}},"23":{"start":{"line":83,"column":28},"end":{"line":83,"column":81}},"24":{"start":{"line":93,"column":8},"end":{"line":93,"column":26}},"25":{"start":{"line":94,"column":19},"end":{"line":94,"column":49}},"26":{"start":{"line":95,"column":18},"end":{"line":102,"column":9}},"27":{"start":{"line":103,"column":8},"end":{"line":120,"column":18}},"28":{"start":{"line":105,"column":20},"end":{"line":105,"column":65}},"29":{"start":{"line":106,"column":20},"end":{"line":117,"column":21}},"30":{"start":{"line":107,"column":24},"end":{"line":107,"column":53}},"31":{"start":{"line":108,"column":24},"end":{"line":112,"column":27}},"32":{"start":{"line":111,"column":28},"end":{"line":111,"column":70}},"33":{"start":{"line":113,"column":24},"end":{"line":113,"column":94}},"34":{"start":{"line":114,"column":24},"end":{"line":114,"column":56}},"35":{"start":{"line":123,"column":8},"end":{"line":123,"column":26}},"36":{"start":{"line":124,"column":19},"end":{"line":124,"column":49}},"37":{"start":{"line":125,"column":18},"end":{"line":132,"column":9}},"38":{"start":{"line":133,"column":8},"end":{"line":150,"column":18}},"39":{"start":{"line":135,"column":20},"end":{"line":135,"column":65}},"40":{"start":{"line":136,"column":20},"end":{"line":147,"column":21}},"41":{"start":{"line":137,"column":24},"end":{"line":137,"column":53}},"42":{"start":{"line":138,"column":24},"end":{"line":142,"column":27}},"43":{"start":{"line":141,"column":28},"end":{"line":141,"column":70}},"44":{"start":{"line":143,"column":24},"end":{"line":143,"column":94}},"45":{"start":{"line":144,"column":24},"end":{"line":144,"column":56}},"46":{"start":{"line":154,"column":8},"end":{"line":154,"column":26}},"47":{"start":{"line":155,"column":8},"end":{"line":179,"column":11}},"48":{"start":{"line":156,"column":12},"end":{"line":156,"column":35}},"49":{"start":{"line":157,"column":53},"end":{"line":157,"column":63}},"50":{"start":{"line":158,"column":25},"end":{"line":158,"column":55}},"51":{"start":{"line":159,"column":26},"end":{"line":163,"column":13}},"52":{"start":{"line":164,"column":12},"end":{"line":164,"column":51}},"53":{"start":{"line":165,"column":12},"end":{"line":178,"column":13}},"54":{"start":{"line":166,"column":16},"end":{"line":177,"column":18}},"55":{"start":{"line":167,"column":20},"end":{"line":167,"column":65}},"56":{"start":{"line":168,"column":20},"end":{"line":176,"column":21}},"57":{"start":{"line":169,"column":24},"end":{"line":169,"column":69}},"58":{"start":{"line":170,"column":24},"end":{"line":173,"column":26}},"59":{"start":{"line":175,"column":24},"end":{"line":175,"column":88}},"60":{"start":{"line":184,"column":8},"end":{"line":190,"column":10}},"61":{"start":{"line":189,"column":12},"end":{"line":189,"column":87}},"62":{"start":{"line":194,"column":8},"end":{"line":194,"column":27}},"63":{"start":{"line":195,"column":8},"end":{"line":195,"column":46}},"64":{"start":{"line":195,"column":28},"end":{"line":195,"column":45}},"65":{"start":{"line":196,"column":8},"end":{"line":196,"column":56}},"66":{"start":{"line":197,"column":8},"end":{"line":197,"column":52}},"67":{"start":{"line":200,"column":8},"end":{"line":207,"column":11}},"68":{"start":{"line":201,"column":12},"end":{"line":206,"column":18}},"69":{"start":{"line":203,"column":20},"end":{"line":203,"column":32}},"70":{"start":{"line":205,"column":20},"end":{"line":205,"column":31}},"71":{"start":{"line":210,"column":8},"end":{"line":241,"column":10}},"72":{"start":{"line":211,"column":12},"end":{"line":211,"column":42}},"73":{"start":{"line":212,"column":26},"end":{"line":212,"column":30}},"74":{"start":{"line":213,"column":27},"end":{"line":215,"column":13}},"75":{"start":{"line":216,"column":27},"end":{"line":216,"column":42}},"76":{"start":{"line":217,"column":25},"end":{"line":217,"column":35}},"77":{"start":{"line":225,"column":26},"end":{"line":225,"column":46}},"78":{"start":{"line":226,"column":12},"end":{"line":231,"column":13}},"79":{"start":{"line":229,"column":16},"end":{"line":229,"column":30}},"80":{"start":{"line":230,"column":16},"end":{"line":230,"column":81}},"81":{"start":{"line":232,"column":12},"end":{"line":235,"column":13}},"82":{"start":{"line":233,"column":16},"end":{"line":233,"column":30}},"83":{"start":{"line":234,"column":16},"end":{"line":234,"column":94}},"84":{"start":{"line":236,"column":12},"end":{"line":239,"column":14}},"85":{"start":{"line":240,"column":12},"end":{"line":240,"column":32}},"86":{"start":{"line":246,"column":24},"end":{"line":251,"column":16}},"87":{"start":{"line":247,"column":12},"end":{"line":247,"column":37}},"88":{"start":{"line":248,"column":12},"end":{"line":250,"column":13}},"89":{"start":{"line":252,"column":8},"end":{"line":252,"column":58}},"90":{"start":{"line":253,"column":8},"end":{"line":331,"column":9}}},"fnMap":{"0":{"name":"(anonymous_0)","decl":{"start":{"line":8,"column":4},"end":{"line":8,"column":5}},"loc":{"start":{"line":8,"column":23},"end":{"line":45,"column":5}},"line":8},"1":{"name":"(anonymous_1)","decl":{"start":{"line":46,"column":4},"end":{"line":46,"column":5}},"loc":{"start":{"line":46,"column":20},"end":{"line":51,"column":5}},"line":46},"2":{"name":"(anonymous_2)","decl":{"start":{"line":47,"column":57},"end":{"line":47,"column":58}},"loc":{"start":{"line":47,"column":63},"end":{"line":49,"column":9}},"line":47},"3":{"name":"(anonymous_3)","decl":{"start":{"line":52,"column":4},"end":{"line":52,"column":5}},"loc":{"start":{"line":52,"column":24},"end":{"line":67,"column":5}},"line":52},"4":{"name":"(anonymous_4)","decl":{"start":{"line":54,"column":18},"end":{"line":54,"column":19}},"loc":{"start":{"line":54,"column":25},"end":{"line":66,"column":13}},"line":54},"5":{"name":"(anonymous_5)","decl":{"start":{"line":60,"column":23},"end":{"line":60,"column":24}},"loc":{"start":{"line":60,"column":29},"end":{"line":62,"column":21}},"line":60},"6":{"name":"(anonymous_6)","decl":{"start":{"line":68,"column":4},"end":{"line":68,"column":5}},"loc":{"start":{"line":68,"column":20},"end":{"line":91,"column":5}},"line":68},"7":{"name":"(anonymous_7)","decl":{"start":{"line":75,"column":22},"end":{"line":75,"column":23}},"loc":{"start":{"line":75,"column":29},"end":{"line":88,"column":17}},"line":75},"8":{"name":"(anonymous_8)","decl":{"start":{"line":82,"column":27},"end":{"line":82,"column":28}},"loc":{"start":{"line":82,"column":33},"end":{"line":84,"column":25}},"line":82},"9":{"name":"(anonymous_9)","decl":{"start":{"line":88,"column":25},"end":{"line":88,"column":26}},"loc":{"start":{"line":88,"column":32},"end":{"line":90,"column":17}},"line":88},"10":{"name":"(anonymous_10)","decl":{"start":{"line":92,"column":4},"end":{"line":92,"column":5}},"loc":{"start":{"line":92,"column":24},"end":{"line":121,"column":5}},"line":92},"11":{"name":"(anonymous_11)","decl":{"start":{"line":104,"column":22},"end":{"line":104,"column":23}},"loc":{"start":{"line":104,"column":29},"end":{"line":118,"column":17}},"line":104},"12":{"name":"(anonymous_12)","decl":{"start":{"line":110,"column":27},"end":{"line":110,"column":28}},"loc":{"start":{"line":110,"column":33},"end":{"line":112,"column":25}},"line":110},"13":{"name":"(anonymous_13)","decl":{"start":{"line":118,"column":25},"end":{"line":118,"column":26}},"loc":{"start":{"line":118,"column":32},"end":{"line":120,"column":17}},"line":118},"14":{"name":"(anonymous_14)","decl":{"start":{"line":122,"column":4},"end":{"line":122,"column":5}},"loc":{"start":{"line":122,"column":18},"end":{"line":152,"column":5}},"line":122},"15":{"name":"(anonymous_15)","decl":{"start":{"line":134,"column":22},"end":{"line":134,"column":23}},"loc":{"start":{"line":134,"column":29},"end":{"line":148,"column":17}},"line":134},"16":{"name":"(anonymous_16)","decl":{"start":{"line":140,"column":27},"end":{"line":140,"column":28}},"loc":{"start":{"line":140,"column":33},"end":{"line":142,"column":25}},"line":140},"17":{"name":"(anonymous_17)","decl":{"start":{"line":148,"column":25},"end":{"line":148,"column":26}},"loc":{"start":{"line":148,"column":32},"end":{"line":150,"column":17}},"line":148},"18":{"name":"(anonymous_18)","decl":{"start":{"line":153,"column":4},"end":{"line":153,"column":5}},"loc":{"start":{"line":153,"column":20},"end":{"line":181,"column":5}},"line":153},"19":{"name":"(anonymous_19)","decl":{"start":{"line":155,"column":29},"end":{"line":155,"column":30}},"loc":{"start":{"line":155,"column":38},"end":{"line":179,"column":9}},"line":155},"20":{"name":"(anonymous_20)","decl":{"start":{"line":166,"column":41},"end":{"line":166,"column":42}},"loc":{"start":{"line":166,"column":55},"end":{"line":177,"column":17}},"line":166},"21":{"name":"(anonymous_21)","decl":{"start":{"line":183,"column":4},"end":{"line":183,"column":5}},"loc":{"start":{"line":183,"column":21},"end":{"line":192,"column":5}},"line":183},"22":{"name":"(anonymous_22)","decl":{"start":{"line":188,"column":11},"end":{"line":188,"column":12}},"loc":{"start":{"line":188,"column":17},"end":{"line":190,"column":9}},"line":188},"23":{"name":"(anonymous_23)","decl":{"start":{"line":193,"column":4},"end":{"line":193,"column":5}},"loc":{"start":{"line":193,"column":20},"end":{"line":198,"column":5}},"line":193},"24":{"name":"(anonymous_24)","decl":{"start":{"line":195,"column":22},"end":{"line":195,"column":23}},"loc":{"start":{"line":195,"column":28},"end":{"line":195,"column":45}},"line":195},"25":{"name":"(anonymous_25)","decl":{"start":{"line":199,"column":4},"end":{"line":199,"column":5}},"loc":{"start":{"line":199,"column":19},"end":{"line":208,"column":5}},"line":199},"26":{"name":"(anonymous_26)","decl":{"start":{"line":200,"column":27},"end":{"line":200,"column":28}},"loc":{"start":{"line":200,"column":48},"end":{"line":207,"column":9}},"line":200},"27":{"name":"(anonymous_27)","decl":{"start":{"line":202,"column":22},"end":{"line":202,"column":23}},"loc":{"start":{"line":202,"column":29},"end":{"line":204,"column":17}},"line":202},"28":{"name":"(anonymous_28)","decl":{"start":{"line":204,"column":25},"end":{"line":204,"column":26}},"loc":{"start":{"line":204,"column":32},"end":{"line":206,"column":17}},"line":204},"29":{"name":"(anonymous_29)","decl":{"start":{"line":209,"column":4},"end":{"line":209,"column":5}},"loc":{"start":{"line":209,"column":15},"end":{"line":243,"column":5}},"line":209},"30":{"name":"(anonymous_30)","decl":{"start":{"line":210,"column":27},"end":{"line":210,"column":28}},"loc":{"start":{"line":210,"column":48},"end":{"line":241,"column":9}},"line":210},"31":{"name":"(anonymous_31)","decl":{"start":{"line":244,"column":4},"end":{"line":244,"column":5}},"loc":{"start":{"line":244,"column":13},"end":{"line":332,"column":5}},"line":244},"32":{"name":"(anonymous_32)","decl":{"start":{"line":246,"column":53},"end":{"line":246,"column":54}},"loc":{"start":{"line":246,"column":66},"end":{"line":251,"column":9}},"line":246}},"branchMap":{"0":{"loc":{"start":{"line":56,"column":16},"end":{"line":65,"column":17}},"type":"if","locations":[{"start":{"line":56,"column":16},"end":{"line":65,"column":17}},{"start":{"line":56,"column":16},"end":{"line":65,"column":17}}],"line":56},"1":{"loc":{"start":{"line":56,"column":20},"end":{"line":56,"column":71}},"type":"binary-expr","locations":[{"start":{"line":56,"column":20},"end":{"line":56,"column":38}},{"start":{"line":56,"column":42},"end":{"line":56,"column":71}}],"line":56},"2":{"loc":{"start":{"line":77,"column":20},"end":{"line":87,"column":21}},"type":"if","locations":[{"start":{"line":77,"column":20},"end":{"line":87,"column":21}},{"start":{"line":77,"column":20},"end":{"line":87,"column":21}}],"line":77},"3":{"loc":{"start":{"line":77,"column":24},"end":{"line":77,"column":75}},"type":"binary-expr","locations":[{"start":{"line":77,"column":24},"end":{"line":77,"column":42}},{"start":{"line":77,"column":46},"end":{"line":77,"column":75}}],"line":77},"4":{"loc":{"start":{"line":106,"column":20},"end":{"line":117,"column":21}},"type":"if","locations":[{"start":{"line":106,"column":20},"end":{"line":117,"column":21}},{"start":{"line":106,"column":20},"end":{"line":117,"column":21}}],"line":106},"5":{"loc":{"start":{"line":106,"column":24},"end":{"line":106,"column":75}},"type":"binary-expr","locations":[{"start":{"line":106,"column":24},"end":{"line":106,"column":42}},{"start":{"line":106,"column":46},"end":{"line":106,"column":75}}],"line":106},"6":{"loc":{"start":{"line":136,"column":20},"end":{"line":147,"column":21}},"type":"if","locations":[{"start":{"line":136,"column":20},"end":{"line":147,"column":21}},{"start":{"line":136,"column":20},"end":{"line":147,"column":21}}],"line":136},"7":{"loc":{"start":{"line":136,"column":24},"end":{"line":136,"column":75}},"type":"binary-expr","locations":[{"start":{"line":136,"column":24},"end":{"line":136,"column":42}},{"start":{"line":136,"column":46},"end":{"line":136,"column":75}}],"line":136},"8":{"loc":{"start":{"line":165,"column":12},"end":{"line":178,"column":13}},"type":"if","locations":[{"start":{"line":165,"column":12},"end":{"line":178,"column":13}},{"start":{"line":165,"column":12},"end":{"line":178,"column":13}}],"line":165},"9":{"loc":{"start":{"line":168,"column":20},"end":{"line":176,"column":21}},"type":"if","locations":[{"start":{"line":168,"column":20},"end":{"line":176,"column":21}},{"start":{"line":168,"column":20},"end":{"line":176,"column":21}}],"line":168},"10":{"loc":{"start":{"line":168,"column":24},"end":{"line":168,"column":85}},"type":"binary-expr","locations":[{"start":{"line":168,"column":24},"end":{"line":168,"column":47}},{"start":{"line":168,"column":51},"end":{"line":168,"column":85}}],"line":168},"11":{"loc":{"start":{"line":226,"column":12},"end":{"line":231,"column":13}},"type":"if","locations":[{"start":{"line":226,"column":12},"end":{"line":231,"column":13}},{"start":{"line":226,"column":12},"end":{"line":231,"column":13}}],"line":226},"12":{"loc":{"start":{"line":232,"column":12},"end":{"line":235,"column":13}},"type":"if","locations":[{"start":{"line":232,"column":12},"end":{"line":235,"column":13}},{"start":{"line":232,"column":12},"end":{"line":235,"column":13}}],"line":232},"13":{"loc":{"start":{"line":305,"column":20},"end":{"line":315,"column":37}},"type":"cond-expr","locations":[{"start":{"line":306,"column":25},"end":{"line":313,"column":30}},{"start":{"line":315,"column":25},"end":{"line":315,"column":36}}],"line":305},"14":{"loc":{"start":{"line":319,"column":20},"end":{"line":328,"column":37}},"type":"cond-expr","locations":[{"start":{"line":320,"column":25},"end":{"line":326,"column":30}},{"start":{"line":328,"column":25},"end":{"line":328,"column":36}}],"line":319}},"s":{"0":3,"1":3,"2":3,"3":3,"4":3,"5":3,"6":3,"7":3,"8":3,"9":0,"10":3,"11":0,"12":0,"13":0,"14":0,"15":0,"16":0,"17":0,"18":0,"19":0,"20":0,"21":0,"22":0,"23":0,"24":0,"25":0,"26":0,"27":0,"28":0,"29":0,"30":0,"31":0,"32":0,"33":0,"34":0,"35":0,"36":0,"37":0,"38":0,"39":0,"40":0,"41":0,"42":0,"43":0,"44":0,"45":0,"46":0,"47":0,"48":0,"49":0,"50":0,"51":0,"52":0,"53":0,"54":0,"55":0,"56":0,"57":0,"58":0,"59":0,"60":0,"61":0,"62":0,"63":0,"64":0,"65":0,"66":0,"67":0,"68":0,"69":0,"70":0,"71":0,"72":0,"73":0,"74":0,"75":0,"76":0,"77":0,"78":0,"79":0,"80":0,"81":0,"82":0,"83":0,"84":0,"85":0,"86":4,"87":0,"88":0,"89":4,"90":4},"f":{"0":3,"1":0,"2":0,"3":3,"4":0,"5":0,"6":0,"7":0,"8":0,"9":0,"10":0,"11":0,"12":0,"13":0,"14":0,"15":0,"16":0,"17":0,"18":0,"19":0,"20":0,"21":0,"22":0,"23":0,"24":0,"25":0,"26":0,"27":0,"28":0,"29":0,"30":0,"31":4,"32":0},"b":{"0":[0,0],"1":[0,0],"2":[0,0],"3":[0,0],"4":[0,0],"5":[0,0],"6":[0,0],"7":[0,0],"8":[0,0],"9":[0,0],"10":[0,0],"11":[0,0],"12":[0,0],"13":[0,4],"14":[0,4]},"_coverageSchema":"43e27e138ebf9cfc5966b082cf9a028302ed4184","hash":"42623a8557036c0fd5afe88d10e073a6eec5b2ed"}
,"C:\\Users\\Darsana.M\\Documents\\Aug26Mockathon\\bank\\src\\Components\\StockHistory\\StockHistory.js": {"path":"C:\\Users\\Darsana.M\\Documents\\Aug26Mockathon\\bank\\src\\Components\\StockHistory\\StockHistory.js","statementMap":{"0":{"start":{"line":7,"column":8},"end":{"line":7,"column":20}},"1":{"start":{"line":8,"column":8},"end":{"line":10,"column":9}},"2":{"start":{"line":13,"column":19},"end":{"line":13,"column":49}},"3":{"start":{"line":14,"column":8},"end":{"line":27,"column":14}},"4":{"start":{"line":16,"column":16},"end":{"line":16,"column":80}},"5":{"start":{"line":17,"column":16},"end":{"line":26,"column":17}},"6":{"start":{"line":18,"column":20},"end":{"line":18,"column":49}},"7":{"start":{"line":19,"column":20},"end":{"line":23,"column":23}},"8":{"start":{"line":22,"column":24},"end":{"line":22,"column":90}},"9":{"start":{"line":30,"column":8},"end":{"line":64,"column":9}},"10":{"start":{"line":48,"column":40},"end":{"line":56,"column":45}}},"fnMap":{"0":{"name":"(anonymous_0)","decl":{"start":{"line":6,"column":4},"end":{"line":6,"column":5}},"loc":{"start":{"line":6,"column":22},"end":{"line":11,"column":5}},"line":6},"1":{"name":"(anonymous_1)","decl":{"start":{"line":12,"column":4},"end":{"line":12,"column":5}},"loc":{"start":{"line":12,"column":24},"end":{"line":28,"column":5}},"line":12},"2":{"name":"(anonymous_2)","decl":{"start":{"line":15,"column":18},"end":{"line":15,"column":19}},"loc":{"start":{"line":15,"column":25},"end":{"line":27,"column":13}},"line":15},"3":{"name":"(anonymous_3)","decl":{"start":{"line":21,"column":22},"end":{"line":21,"column":23}},"loc":{"start":{"line":21,"column":26},"end":{"line":23,"column":21}},"line":21},"4":{"name":"(anonymous_4)","decl":{"start":{"line":29,"column":4},"end":{"line":29,"column":5}},"loc":{"start":{"line":29,"column":13},"end":{"line":65,"column":5}},"line":29},"5":{"name":"(anonymous_5)","decl":{"start":{"line":47,"column":65},"end":{"line":47,"column":66}},"loc":{"start":{"line":48,"column":40},"end":{"line":56,"column":45}},"line":48}},"branchMap":{"0":{"loc":{"start":{"line":17,"column":16},"end":{"line":26,"column":17}},"type":"if","locations":[{"start":{"line":17,"column":16},"end":{"line":26,"column":17}},{"start":{"line":17,"column":16},"end":{"line":26,"column":17}}],"line":17},"1":{"loc":{"start":{"line":17,"column":20},"end":{"line":17,"column":69}},"type":"binary-expr","locations":[{"start":{"line":17,"column":20},"end":{"line":17,"column":38}},{"start":{"line":17,"column":42},"end":{"line":17,"column":69}}],"line":17}},"s":{"0":1,"1":1,"2":1,"3":1,"4":0,"5":0,"6":0,"7":0,"8":0,"9":1,"10":0},"f":{"0":1,"1":1,"2":0,"3":0,"4":1,"5":0},"b":{"0":[0,0],"1":[0,0]},"_coverageSchema":"43e27e138ebf9cfc5966b082cf9a028302ed4184","hash":"eefe1f316de6bc28e191371fa60bbb83ea37625f"}
,"C:\\Users\\Darsana.M\\Documents\\Aug26Mockathon\\bank\\src\\Components\\Trending\\Trending.js": {"path":"C:\\Users\\Darsana.M\\Documents\\Aug26Mockathon\\bank\\src\\Components\\Trending\\Trending.js","statementMap":{"0":{"start":{"line":8,"column":8},"end":{"line":8,"column":20}},"1":{"start":{"line":9,"column":8},"end":{"line":32,"column":9}},"2":{"start":{"line":35,"column":8},"end":{"line":48,"column":14}},"3":{"start":{"line":37,"column":16},"end":{"line":37,"column":81}},"4":{"start":{"line":38,"column":16},"end":{"line":47,"column":17}},"5":{"start":{"line":39,"column":20},"end":{"line":39,"column":49}},"6":{"start":{"line":40,"column":20},"end":{"line":44,"column":23}},"7":{"start":{"line":43,"column":24},"end":{"line":43,"column":90}},"8":{"start":{"line":51,"column":8},"end":{"line":92,"column":9}},"9":{"start":{"line":64,"column":32},"end":{"line":67,"column":37}}},"fnMap":{"0":{"name":"(anonymous_0)","decl":{"start":{"line":7,"column":4},"end":{"line":7,"column":5}},"loc":{"start":{"line":7,"column":23},"end":{"line":33,"column":5}},"line":7},"1":{"name":"(anonymous_1)","decl":{"start":{"line":34,"column":4},"end":{"line":34,"column":5}},"loc":{"start":{"line":34,"column":24},"end":{"line":49,"column":5}},"line":34},"2":{"name":"(anonymous_2)","decl":{"start":{"line":36,"column":18},"end":{"line":36,"column":19}},"loc":{"start":{"line":36,"column":25},"end":{"line":48,"column":13}},"line":36},"3":{"name":"(anonymous_3)","decl":{"start":{"line":42,"column":23},"end":{"line":42,"column":24}},"loc":{"start":{"line":42,"column":29},"end":{"line":44,"column":21}},"line":42},"4":{"name":"(anonymous_4)","decl":{"start":{"line":50,"column":4},"end":{"line":50,"column":5}},"loc":{"start":{"line":50,"column":13},"end":{"line":93,"column":5}},"line":50},"5":{"name":"(anonymous_5)","decl":{"start":{"line":63,"column":57},"end":{"line":63,"column":58}},"loc":{"start":{"line":64,"column":32},"end":{"line":67,"column":37}},"line":64}},"branchMap":{"0":{"loc":{"start":{"line":38,"column":16},"end":{"line":47,"column":17}},"type":"if","locations":[{"start":{"line":38,"column":16},"end":{"line":47,"column":17}},{"start":{"line":38,"column":16},"end":{"line":47,"column":17}}],"line":38},"1":{"loc":{"start":{"line":38,"column":20},"end":{"line":38,"column":71}},"type":"binary-expr","locations":[{"start":{"line":38,"column":20},"end":{"line":38,"column":38}},{"start":{"line":38,"column":42},"end":{"line":38,"column":71}}],"line":38}},"s":{"0":1,"1":1,"2":1,"3":0,"4":0,"5":0,"6":0,"7":0,"8":1,"9":5},"f":{"0":1,"1":1,"2":0,"3":0,"4":1,"5":5},"b":{"0":[0,0],"1":[0,0]},"_coverageSchema":"43e27e138ebf9cfc5966b082cf9a028302ed4184","hash":"81339d766a3ac048b194aa54c44497154a2b0d5f"}
,"C:\\Users\\Darsana.M\\Documents\\Aug26Mockathon\\bank\\src\\Utils\\Validator.js": {"path":"C:\\Users\\Darsana.M\\Documents\\Aug26Mockathon\\bank\\src\\Utils\\Validator.js","statementMap":{"0":{"start":{"line":2,"column":4},"end":{"line":2,"column":34}},"1":{"start":{"line":3,"column":4},"end":{"line":51,"column":7}},"2":{"start":{"line":4,"column":8},"end":{"line":4,"column":25}},"3":{"start":{"line":5,"column":8},"end":{"line":49,"column":9}},"4":{"start":{"line":7,"column":28},"end":{"line":7,"column":48}},"5":{"start":{"line":8,"column":16},"end":{"line":20,"column":17}},"6":{"start":{"line":9,"column":20},"end":{"line":12,"column":22}},"7":{"start":{"line":15,"column":20},"end":{"line":18,"column":22}},"8":{"start":{"line":23,"column":16},"end":{"line":32,"column":18}},"9":{"start":{"line":24,"column":20},"end":{"line":27,"column":22}},"10":{"start":{"line":29,"column":16},"end":{"line":32,"column":18}},"11":{"start":{"line":35,"column":16},"end":{"line":35,"column":27}},"12":{"start":{"line":38,"column":16},"end":{"line":47,"column":18}},"13":{"start":{"line":39,"column":20},"end":{"line":42,"column":22}},"14":{"start":{"line":44,"column":16},"end":{"line":47,"column":18}}},"fnMap":{"0":{"name":"validate","decl":{"start":{"line":1,"column":9},"end":{"line":1,"column":17}},"loc":{"start":{"line":1,"column":30},"end":{"line":53,"column":1}},"line":1},"1":{"name":"(anonymous_1)","decl":{"start":{"line":3,"column":23},"end":{"line":3,"column":24}},"loc":{"start":{"line":3,"column":42},"end":{"line":51,"column":5}},"line":3}},"branchMap":{"0":{"loc":{"start":{"line":5,"column":8},"end":{"line":49,"column":9}},"type":"switch","locations":[{"start":{"line":6,"column":12},"end":{"line":20,"column":17}},{"start":{"line":22,"column":12},"end":{"line":32,"column":18}},{"start":{"line":34,"column":12},"end":{"line":35,"column":27}},{"start":{"line":37,"column":12},"end":{"line":47,"column":18}}],"line":5},"1":{"loc":{"start":{"line":8,"column":16},"end":{"line":20,"column":17}},"type":"if","locations":[{"start":{"line":8,"column":16},"end":{"line":20,"column":17}},{"start":{"line":8,"column":16},"end":{"line":20,"column":17}}],"line":8},"2":{"loc":{"start":{"line":23,"column":16},"end":{"line":32,"column":18}},"type":"if","locations":[{"start":{"line":23,"column":16},"end":{"line":32,"column":18}},{"start":{"line":23,"column":16},"end":{"line":32,"column":18}}],"line":23},"3":{"loc":{"start":{"line":38,"column":16},"end":{"line":47,"column":18}},"type":"if","locations":[{"start":{"line":38,"column":16},"end":{"line":47,"column":18}},{"start":{"line":38,"column":16},"end":{"line":47,"column":18}}],"line":38}},"s":{"0":0,"1":0,"2":0,"3":0,"4":0,"5":0,"6":0,"7":0,"8":0,"9":0,"10":0,"11":0,"12":0,"13":0,"14":0},"f":{"0":0,"1":0},"b":{"0":[0,0,0,0],"1":[0,0],"2":[0,0],"3":[0,0]},"_coverageSchema":"43e27e138ebf9cfc5966b082cf9a028302ed4184","hash":"49c3963d92dabb69cd0b8ea46ef1dfe29610be36"}
}
